timestamp,cpu_user,cpu_system,rss,heapTotal,heapUsed,external
1726750456366, 2205276, 102686, 254091264, 171814912, 146279640, 5551125
1726750457371, 2209730, 102693, 254222336, 171814912, 146291072, 5551183
1726750458376, 2211060, 102693, 254222336, 171814912, 146297520, 5551194
1726750459381, 2212238, 102732, 254222336, 171814912, 146303984, 5551205
1726750460386, 2213256, 102779, 254222336, 171814912, 146310536, 5551216
1726750461388, 2214814, 102783, 254222336, 171814912, 146317864, 5551227
1726750462393, 2216285, 102783, 254222336, 171814912, 146324672, 5551238
1726750463399, 2217407, 102833, 254222336, 171814912, 146331392, 5551249
1726750464402, 2218001, 103812, 254222336, 171814912, 146338264, 5551260
1726750465408, 2219538, 103817, 254222336, 171814912, 146345056, 5551271
1726750466413, 2220864, 103853, 254222336, 171814912, 146352200, 5551282
1726750467418, 2221058, 104813, 254222336, 171814912, 146359040, 5551293
1726750468424, 2221803, 104849, 254222336, 171814912, 146365656, 5551304
1726750469429, 2222871, 104853, 254222336, 171814912, 146372272, 5551315
1726750470434, 2223759, 104894, 254222336, 171814912, 146378888, 5551326
1726750471439, 2225191, 104914, 254222336, 171814912, 146385584, 5551337
1726750472439, 2774627, 128167, 207351808, 125530112, 121689736, 5532919
1726750473444, 2776282, 128173, 207482880, 125530112, 121832856, 5532930
1726750474448, 2777727, 128173, 207482880, 125530112, 121839584, 5532941
1726750475454, 2778261, 128196, 207482880, 125530112, 121846256, 5532952
1726750476459, 2779596, 128202, 207482880, 125530112, 121852968, 5532963
1726750477464, 2780541, 128202, 207482880, 125530112, 121859808, 5532974
1726750478469, 2781414, 128202, 207482880, 125530112, 121866496, 5532985
1726750479474, 2782046, 128202, 207482880, 125530112, 121873184, 5532996
1726750480481, 2782926, 128202, 207482880, 125530112, 121879880, 5533007
1726750481486, 2783712, 128217, 207482880, 125530112, 121886568, 5533018
1726750482492, 2784559, 128256, 207482880, 125530112, 121893280, 5533029
1726750483497, 2785050, 128278, 207482880, 125530112, 121899992, 5533040
1726750484502, 2785756, 128311, 207482880, 125530112, 121906704, 5533051
1726750485506, 2786693, 128354, 207482880, 125530112, 121913448, 5533062
1726750486512, 2787130, 128374, 207482880, 125530112, 121920160, 5533073
1726750487517, 2787874, 128408, 207482880, 125530112, 121926872, 5533084
1726750488521, 2788753, 128449, 207482880, 125530112, 121933584, 5533095
1726750489527, 2789202, 128469, 207482880, 125530112, 121940296, 5533106
1726750490532, 2790430, 128526, 207613952, 125530112, 121947008, 5533117
1726750491537, 2791370, 128530, 207613952, 125530112, 121953688, 5533128
1726750492542, 2792716, 128539, 207613952, 125530112, 121960448, 5533139
1726750493547, 2793920, 128594, 207613952, 125530112, 121967176, 5533150
1726750494552, 2795119, 128603, 207613952, 125530112, 121973904, 5533161
1726750495557, 2795582, 128624, 207613952, 125530112, 121980632, 5533172
1726750496561, 2796077, 128647, 207613952, 125530112, 121987360, 5533183
1726750497567, 2796620, 128672, 207613952, 125530112, 121994088, 5533194
1726750498572, 2797625, 128675, 207613952, 125530112, 122000816, 5533205
1726750499577, 2798983, 128681, 207613952, 125530112, 122007544, 5533216
1726750500582, 2800118, 128681, 207613952, 125530112, 122014272, 5533227
1726750501587, 2801044, 128681, 207613952, 125530112, 122020976, 5533238
1726750502592, 2801906, 128681, 207613952, 125530112, 122027680, 5533249
1726750503597, 2802684, 128681, 207613952, 125530112, 122034384, 5533260
1726750504602, 2803931, 128685, 207613952, 125530112, 122041088, 5533271
1726750505607, 2804890, 128687, 207613952, 125530112, 122047816, 5533282
1726750506612, 2805935, 128687, 207613952, 125530112, 122054544, 5533293
1726750507617, 2807278, 128694, 207613952, 125530112, 122061248, 5533304
1726750508622, 2808140, 128694, 207613952, 125530112, 122067976, 5533315
1726750509627, 2808884, 128694, 207613952, 125530112, 122074680, 5533326
1726750510632, 2809862, 128694, 207613952, 125530112, 122081384, 5533337
1726750511637, 2810671, 128694, 207613952, 125530112, 122088088, 5533348
1726750512642, 2811157, 128694, 207613952, 125530112, 122094792, 5533359
1726750513647, 2811157, 129592, 207613952, 125530112, 122101496, 5533370
1726750514652, 2811808, 129652, 207613952, 125530112, 122108200, 5533381
1726750515656, 2812613, 129673, 207613952, 125530112, 122114928, 5533392
1726750516661, 2813444, 129676, 207613952, 125530112, 122121656, 5533403
1726750517666, 2814306, 129676, 207613952, 125530112, 122128384, 5533414
1726750518671, 2815152, 129698, 207613952, 125530112, 122135088, 5533425
1726750519676, 2816004, 129737, 207613952, 125530112, 122141840, 5533436
1726750520677, 2816828, 129740, 207613952, 125530112, 122148568, 5533447
1726750521682, 2817748, 129740, 207613952, 125530112, 122155296, 5533458
1726750522687, 2818632, 129765, 207613952, 125530112, 122162000, 5533469
1726750523692, 2819415, 129801, 207613952, 125530112, 122168728, 5533480
1726750524696, 2820634, 129811, 207745024, 125530112, 122175456, 5533491
1726750525702, 2821082, 129832, 207745024, 125530112, 122182184, 5533502
1726750526707, 2821942, 129835, 207745024, 125530112, 122188912, 5533513
1726750527712, 2822700, 129860, 207745024, 125530112, 122195640, 5533524
1726750528716, 2823362, 129890, 207745024, 125530112, 122202368, 5533535
1726750529722, 2824879, 129914, 207745024, 126578688, 121374552, 5532930
1726750530727, 2824973, 130827, 207745024, 126578688, 121381256, 5532941
1726750531732, 2825746, 130914, 207745024, 126578688, 121387960, 5532952
1726750532737, 2826600, 130954, 207745024, 126578688, 121394664, 5532963
1726750533741, 2827287, 130986, 207745024, 126578688, 121401368, 5532974
1726750534747, 2827813, 131010, 207745024, 126578688, 121408072, 5532985
1726750535752, 2828585, 131013, 207745024, 126578688, 121414776, 5532996
1726750536757, 2829532, 131013, 207745024, 126578688, 121421480, 5533007
1726750537762, 2830404, 131013, 207745024, 126578688, 121428160, 5533018
1726750538766, 2831371, 131035, 207745024, 126578688, 121434840, 5533029
1726750539772, 2831897, 131059, 207745024, 126578688, 121441544, 5533040
1726750540777, 2833354, 131080, 207745024, 126578688, 121448248, 5533051
1726750541782, 2834229, 131120, 207745024, 126578688, 121454952, 5533062
1726750542786, 2835117, 131123, 207745024, 126578688, 121461656, 5533073
1726750543792, 2835662, 131140, 207745024, 126578688, 121468360, 5533084
1726750544798, 2835662, 131946, 207745024, 126578688, 121475064, 5533095
1726750545803, 2835662, 132995, 207745024, 126578688, 121481744, 5533106
1726750546807, 2837234, 133160, 207745024, 126578688, 121488424, 5533117
1726750547811, 2838333, 133160, 207876096, 126578688, 121495128, 5533128
1726750548817, 2838897, 133167, 207876096, 126578688, 121501808, 5533139
1726750549822, 2839807, 133210, 207876096, 126578688, 121508512, 5533150
1726750550826, 2840844, 133213, 207876096, 126578688, 121515216, 5533161
1726750551832, 2841300, 133233, 207876096, 126578688, 121521920, 5533172
1726750552837, 2841350, 133993, 207876096, 126578688, 121528624, 5533183
1726750553841, 2841939, 134363, 207876096, 126578688, 121535328, 5533194
1726750554847, 2841948, 135186, 207876096, 126578688, 121542032, 5533205
1726750555852, 2842890, 135188, 207876096, 126578688, 121548736, 5533216
1726750556857, 2843846, 135229, 207876096, 126578688, 121555440, 5533227
1726750557863, 2844578, 135263, 207876096, 126578688, 121562144, 5533238
1726750558868, 2845440, 135266, 207876096, 126578688, 121568848, 5533249
1726750559873, 2846100, 135288, 207876096, 126578688, 121575552, 5533260
1726750560878, 2846983, 135291, 207876096, 126578688, 121582256, 5533271
1726750561883, 2847808, 135321, 207876096, 126578688, 121588960, 5533282
1726750562888, 2848629, 135323, 207876096, 126578688, 121595664, 5533293
1726750563893, 2849732, 135323, 207876096, 126578688, 121602368, 5533304
1726750564898, 2851203, 135326, 207876096, 126578688, 121609048, 5533315
1726750565898, 2852110, 135326, 207876096, 126578688, 121615752, 5533326
1726750566904, 2852968, 135326, 207876096, 126578688, 121622520, 5533337
1726750567908, 2853863, 135326, 207876096, 126578688, 121629200, 5533348
1726750568913, 2854409, 135347, 207876096, 126578688, 121635880, 5533359
1726750569915, 2854805, 135365, 207876096, 126578688, 121642584, 5533370
1726750570919, 2854879, 136291, 207876096, 126578688, 121649288, 5533381
1726750571924, 2855718, 136419, 207876096, 126578688, 121655992, 5533392
1726750572929, 2856167, 136441, 207876096, 126578688, 121662696, 5533403
1726750573935, 2857086, 136443, 207876096, 126578688, 121669400, 5533414
1726750574940, 2857882, 136443, 207876096, 126578688, 121676104, 5533425
1726750575945, 2858705, 136465, 207876096, 126578688, 121682784, 5533436
1726750576950, 2860187, 136488, 207876096, 126578688, 121689488, 5533447
1726750577954, 2860306, 137026, 207876096, 126578688, 121696192, 5533458
1726750578959, 2860306, 137432, 207876096, 126578688, 121702896, 5533469
1726750579964, 2860766, 137527, 207876096, 126578688, 121709576, 5533480
1726750580969, 2861325, 137554, 207876096, 126578688, 121716280, 5533491
1726750581975, 2861879, 137580, 207876096, 126578688, 121722984, 5533502
1726750582979, 2862094, 138433, 207876096, 126578688, 121729688, 5533513
1726750583984, 2862416, 138618, 207876096, 126578688, 121736392, 5533524
1726750584990, 2862952, 138644, 207876096, 126578688, 121743096, 5533535
1726750585994, 2863502, 138670, 207876096, 126578688, 121749800, 5533546
1726750587000, 2863861, 138688, 207876096, 126578688, 121756528, 5533557
1726750588005, 2864443, 138716, 207876096, 126578688, 121763256, 5533568
1726750589009, 2865385, 138762, 207876096, 126578688, 121769984, 5533579
1726750590015, 2865825, 138783, 208007168, 126578688, 121776712, 5533590
1726750591020, 2866919, 138836, 208007168, 126578688, 121783440, 5533601
1726750592024, 2869099, 138843, 208007168, 126578688, 121790168, 5533612
1726750593029, 2869488, 138862, 208007168, 126578688, 121796896, 5533623
1726750594034, 2870713, 138921, 208007168, 126578688, 121803624, 5533634
1726750595040, 2871213, 138946, 208007168, 126578688, 121810352, 5533645
1726750596045, 2872481, 138958, 208007168, 126578688, 121817080, 5533656
1726750597049, 2874724, 138970, 208007168, 126578688, 121823808, 5533667
1726750598054, 2875181, 138970, 208007168, 126578688, 121830536, 5533678
1726750599060, 2875830, 138973, 208007168, 126578688, 121837240, 5533689
1726750600064, 2876825, 139021, 208007168, 126578688, 121843968, 5533700
1726750601069, 2877295, 139043, 208007168, 126578688, 121850696, 5533711
1726750602075, 2877821, 139069, 208007168, 126578688, 121857424, 5533722
1726750603080, 2878511, 139102, 208007168, 126578688, 121864152, 5533733
1726750604085, 2879001, 139104, 208007168, 126578688, 121870880, 5533744
1726750605089, 2879944, 139122, 208007168, 126578688, 121877608, 5533755
1726750606094, 2880634, 139125, 208007168, 126578688, 121884400, 5533766
1726750607099, 2881119, 139130, 208007168, 126578688, 121891128, 5533777
1726750608104, 2881579, 139152, 208007168, 126578688, 121897856, 5533788
1726750609110, 2882031, 139174, 208007168, 126578688, 121904584, 5533799
1726750610115, 2882677, 139205, 208007168, 126578688, 121911312, 5533810
1726750611119, 2883620, 139251, 208007168, 126578688, 121918040, 5533821
1726750612125, 2884080, 139273, 208138240, 126578688, 121924768, 5533832
1726750613130, 2884821, 139309, 208138240, 126578688, 121931496, 5533843
1726750614134, 2885041, 140268, 208138240, 126578688, 121938224, 5533854
1726750615139, 2885511, 140359, 208138240, 126578688, 121944952, 5533865
1726750616144, 2886040, 140385, 208138240, 126578688, 121951680, 5533876
1726750617149, 2886500, 140407, 208269312, 126578688, 121958408, 5533887
1726750618155, 2886985, 140431, 208269312, 126578688, 121965136, 5533898
1726750619160, 2888123, 140437, 208269312, 126578688, 121971864, 5533909
1726750620164, 2888512, 140456, 208269312, 126578688, 121978592, 5533920
1726750621170, 2888989, 140479, 208269312, 126578688, 121985320, 5533931
1726750622174, 2889556, 140506, 208269312, 126578688, 121992048, 5533942
1726750623179, 2890136, 140535, 208269312, 126578688, 121998776, 5533953
1726750624185, 2890620, 140558, 208269312, 126578688, 122005504, 5533964
1726750625189, 2891347, 140594, 208269312, 126578688, 122012232, 5533975
1726750626195, 2891733, 140612, 208269312, 126578688, 122018960, 5533986
1726750627197, 2892288, 140639, 208269312, 126578688, 122025688, 5533997
1726750628202, 2893902, 140668, 208269312, 126578688, 122032416, 5534008
1726750629206, 2894580, 140701, 208269312, 126578688, 122039144, 5534019
1726750630212, 2895122, 140728, 208400384, 126578688, 122045872, 5534030
1726750631216, 2895731, 140757, 208400384, 126578688, 122052600, 5534041
1726750632221, 2896100, 140775, 208400384, 126578688, 122059328, 5534052
1726750633227, 2896684, 140803, 208400384, 126578688, 122066056, 5534063
1726750634232, 2897523, 140815, 208531456, 126578688, 122072784, 5534074
1726750635237, 2898014, 140819, 208531456, 126578688, 122079512, 5534085
1726750636242, 2898677, 140820, 208531456, 126578688, 122086240, 5534096
1726750637246, 2899477, 140820, 208531456, 126578688, 122092968, 5534107
1726750638251, 2900028, 140820, 208531456, 126578688, 122099672, 5534118
1726750639257, 2900687, 140849, 208531456, 126578688, 122106376, 5534129
1726750640261, 2901410, 140884, 208531456, 126578688, 122113104, 5534140
1726750641267, 2902048, 140915, 208531456, 126578688, 122119832, 5534151
1726750642272, 2903320, 140927, 208531456, 126578688, 122126560, 5534162
1726750643276, 2904242, 140931, 208531456, 126578688, 122133288, 5534173
1726750644281, 2904615, 140941, 208531456, 126578688, 122140048, 5534184
1726750645286, 2905153, 140967, 208531456, 126578688, 122146776, 5534195
1726750646290, 2905566, 140987, 208531456, 126578688, 122153504, 5534206
1726750647295, 2906041, 141010, 208531456, 126578688, 122160232, 5534217
1726750648301, 2907170, 141015, 208531456, 126578688, 122166960, 5534228
1726750649305, 2908221, 141020, 208531456, 126578688, 122173688, 5534239
1726750650311, 2909011, 141055, 208531456, 126578688, 122180416, 5534250
1726750651315, 2909528, 141080, 208531456, 126578688, 122187144, 5534261
1726750652321, 2909928, 141099, 208531456, 126578688, 122193872, 5534272
1726750653325, 2910808, 141142, 208531456, 126578688, 122200600, 5534283
1726750654330, 2911349, 142141, 207699968, 125530112, 121385352, 5532930
1726750655336, 2911860, 142166, 207699968, 125530112, 121392056, 5532941
1726750656341, 2912709, 142208, 207699968, 125530112, 121398696, 5532952
1726750657345, 2913141, 142229, 207699968, 125530112, 121405336, 5532963
1726750658350, 2913977, 142270, 207699968, 125530112, 121411976, 5532974
1726750659356, 2917734, 142272, 207699968, 125530112, 121418728, 5532985
1726750660361, 2918311, 142281, 207699968, 125530112, 121425368, 5532996
1726750661366, 2918987, 142283, 207699968, 125530112, 121432008, 5533007
1726750662371, 2920128, 142283, 207699968, 125530112, 121438648, 5533018
1726750663375, 2920676, 143320, 207699968, 125530112, 121445264, 5533029
1726750664381, 2921454, 143359, 207699968, 125530112, 121451904, 5533040
1726750665386, 2922379, 143362, 207699968, 125530112, 121458544, 5533051
1726750666390, 2923951, 143362, 207699968, 125530112, 121465184, 5533062
1726750667396, 2924533, 143362, 207699968, 125530112, 121471800, 5533073
1726750668400, 2925039, 143384, 207699968, 125530112, 121478416, 5533084
1726750669405, 2925458, 143404, 207699968, 125530112, 121485056, 5533095
1726750670411, 2926164, 143439, 207699968, 125530112, 121491696, 5533106
1726750671416, 2927302, 143446, 207699968, 125530112, 121498336, 5533117
1726750672420, 2927728, 143465, 207699968, 125530112, 121504976, 5533128
1726750673426, 2928306, 143494, 207699968, 125530112, 121511616, 5533139
1726750674430, 2928987, 143500, 207699968, 125530112, 121518256, 5533150
1726750675435, 2929331, 143500, 207699968, 125530112, 121524896, 5533161
1726750676441, 2929837, 143518, 207699968, 125530112, 121531512, 5533172
1726750677445, 2930698, 143522, 207699968, 125530112, 121538152, 5533183
1726750678450, 2931091, 143530, 207699968, 125530112, 121544792, 5533194
1726750679456, 2931668, 143558, 207699968, 125530112, 121551432, 5533205
1726750680460, 2932315, 143563, 207699968, 125530112, 121558072, 5533216
1726750681466, 2932784, 143563, 207699968, 125530112, 121564712, 5533227
1726750682470, 2933726, 143565, 207699968, 125530112, 121571328, 5533238
1726750683475, 2934621, 143565, 207699968, 125530112, 121577968, 5533249
1726750684481, 2935229, 143582, 207699968, 125530112, 121584584, 5533260
1726750685486, 2936223, 143630, 207699968, 125530112, 121591224, 5533271
1726750686491, 2936648, 143651, 207699968, 125530112, 121597864, 5533282
1726750687496, 2937192, 143678, 207699968, 125530112, 121604504, 5533293
1726750688500, 2938004, 143684, 207699968, 125530112, 121611144, 5533304
1726750689506, 2938477, 143690, 207699968, 125530112, 121617784, 5533315
1726750690511, 2939444, 143693, 207699968, 125530112, 121624424, 5533326
1726750691516, 2940500, 143739, 207699968, 125530112, 121631072, 5533337
1726750692521, 2940955, 143761, 207699968, 125530112, 121637712, 5533348
1726750693526, 2941382, 143782, 207699968, 125530112, 121644352, 5533359
1726750694530, 2942284, 143826, 207699968, 125530112, 121650992, 5533370
1726750695536, 2942685, 143846, 207699968, 125530112, 121657632, 5533381
1726750696541, 2943240, 143873, 207699968, 125530112, 121664272, 5533392
1726750697545, 2943760, 143898, 207699968, 125530112, 121670936, 5533403
1726750698550, 2944258, 143923, 207699968, 125530112, 121677576, 5533414
1726750699555, 2945576, 143925, 207699968, 125530112, 121684216, 5533425
1726750700560, 2945980, 143925, 207699968, 125530112, 121690856, 5533436
1726750701565, 2946456, 143930, 207699968, 125530112, 121697472, 5533447
1726750702571, 2946973, 143955, 207699968, 125530112, 121704112, 5533458
1726750703576, 2948746, 143991, 207699968, 125530112, 121710752, 5533469
1726750704580, 2949255, 144016, 207699968, 125530112, 121717392, 5533480
1726750705586, 2950007, 144053, 207699968, 125530112, 121724032, 5533491
1726750706591, 2950994, 144061, 207699968, 125530112, 121730672, 5533502
1726750707596, 2951622, 144081, 207699968, 125530112, 121737312, 5533513
1726750708601, 2952023, 144101, 207699968, 125530112, 121743952, 5533524
1726750709606, 2952431, 144121, 207699968, 125530112, 121750592, 5533535
1726750710610, 2953060, 144123, 207699968, 125530112, 121757232, 5533546
1726750711615, 2953619, 144129, 207699968, 125530112, 121763872, 5533557
1726750712620, 2954113, 144153, 207699968, 125530112, 121770512, 5533568
1726750713626, 2954625, 144178, 207699968, 125530112, 121777152, 5533579
1726750714630, 2955268, 144209, 207699968, 125530112, 121783792, 5533590
1726750715637, 2955847, 144237, 207699968, 125530112, 121790432, 5533601
1726750716641, 2956647, 144237, 207699968, 125530112, 121797072, 5533612
1726750717646, 2957436, 144237, 207699968, 125530112, 121803688, 5533623
1726750718650, 2958265, 144237, 207699968, 125530112, 121810304, 5533634
1726750719655, 2958837, 144237, 207699968, 125530112, 121816920, 5533645
1726750720660, 2959292, 144255, 207699968, 125530112, 121823536, 5533656
1726750721666, 2959754, 144277, 207699968, 125530112, 121830200, 5533667
1726750722670, 2961187, 144280, 207699968, 125530112, 121836840, 5533678
1726750723675, 2961602, 144280, 207699968, 125530112, 121843480, 5533689
1726750724679, 2962019, 144287, 207699968, 125530112, 121850096, 5533700
1726750725684, 2962595, 144315, 207699968, 125530112, 121856736, 5533711
1726750726690, 2963042, 144337, 207699968, 125530112, 121863376, 5533722
1726750727694, 2963498, 144359, 207699968, 125530112, 121870016, 5533733
1726750728699, 2964164, 144392, 207699968, 125530112, 121876656, 5533744
1726750729704, 2964778, 144422, 207699968, 125530112, 121883296, 5533755
1726750730710, 2965585, 144461, 207699968, 125530112, 121889944, 5533766
1726750731714, 2965653, 145104, 207699968, 125530112, 121896584, 5533777
1726750732720, 2965752, 145501, 207699968, 125530112, 121903224, 5533788
1726750733724, 2966628, 145544, 207699968, 125530112, 121909864, 5533799
1726750734729, 2967018, 145563, 207699968, 125530112, 121916504, 5533810
1726750735735, 2967466, 145585, 207699968, 125530112, 121923144, 5533821
1726750736739, 2967916, 145607, 207699968, 125530112, 121929784, 5533832
1726750737744, 2968338, 145628, 207699968, 125530112, 121936424, 5533843
1726750738750, 2969023, 145661, 207699968, 125530112, 121943064, 5533854
1726750739754, 2970364, 145677, 207699968, 125530112, 121949728, 5533865
1726750740760, 2970817, 145699, 207699968, 125530112, 121956368, 5533876
1726750741765, 2971720, 145701, 207699968, 125530112, 121963008, 5533887
1726750742769, 2973150, 145701, 207699968, 125530112, 121969648, 5533898
1726750743775, 2973544, 145701, 207699968, 125530112, 121976264, 5533909
1726750744779, 2974238, 145701, 207699968, 125530112, 121982880, 5533920
1726750745785, 2975794, 145701, 207699968, 125530112, 121989496, 5533931
1726750746790, 2976611, 145729, 207699968, 125530112, 121996112, 5533942
1726750747794, 2977451, 145771, 207699968, 125530112, 122002752, 5533953
1726750748800, 2977912, 145793, 207699968, 125530112, 122009392, 5533964
1726750749806, 2978806, 145796, 207699968, 125530112, 122016032, 5533975
1726750750810, 2979800, 145796, 207699968, 125530112, 122022672, 5533986
1726750751815, 2980215, 145805, 207699968, 125530112, 122029288, 5533997
1726750752820, 2980757, 145831, 207699968, 125530112, 122035928, 5534008
1726750753825, 2981298, 145858, 207699968, 125530112, 122042568, 5534019
1726750754830, 2981728, 145879, 207699968, 125530112, 122049208, 5534030
1726750755836, 2982349, 145909, 207699968, 125530112, 122055848, 5534041
1726750756841, 2983543, 145967, 207699968, 125530112, 122062488, 5534052
1726750757846, 2984031, 145969, 207699968, 125530112, 122069128, 5534063
1726750758852, 2985141, 145969, 207699968, 125530112, 122075768, 5534074
1726750759856, 2985430, 146943, 207699968, 125530112, 122082384, 5534085
1726750760860, 2985888, 146965, 207699968, 125530112, 122089024, 5534096
1726750761864, 2986963, 146970, 207699968, 125530112, 122095664, 5534107
1726750762870, 2987483, 146993, 207699968, 125530112, 122102304, 5534118
1726750763875, 2988373, 146995, 207699968, 125530112, 122108968, 5534129
1726750764880, 2988845, 147009, 207699968, 125530112, 122115608, 5534140
1726750765885, 2989276, 147030, 207699968, 125530112, 122122248, 5534151
1726750766890, 2989983, 147065, 207699968, 125530112, 122128888, 5534162
1726750767895, 2990959, 147068, 207699968, 125530112, 122135552, 5534173
1726750768901, 2992008, 147114, 207699968, 125530112, 122142192, 5534184
1726750769905, 2992290, 148112, 207699968, 125530112, 122148888, 5534195
1726750770911, 2992778, 148136, 207699968, 125530112, 122155528, 5534206
1726750771915, 2993638, 148179, 207699968, 125530112, 122162168, 5534217
1726750772920, 2994185, 148206, 207699968, 125530112, 122168808, 5534228
1726750773925, 2994669, 148230, 207699968, 125530112, 122175448, 5534239
1726750774931, 2995214, 148257, 207699968, 125530112, 122182088, 5534250
1726750775935, 2996358, 148267, 207699968, 125530112, 122188728, 5534261
1726750776940, 2996791, 148284, 207699968, 125530112, 122195392, 5534272
1726750777945, 2997612, 148286, 207699968, 125530112, 122202032, 5534283
1726750778951, 2998193, 148302, 207699968, 125530112, 122208672, 5534294
1726750779956, 3002730, 148304, 207699968, 125530112, 122215584, 5534305
1726750780959, 3003846, 148325, 207699968, 125530112, 122222088, 5534316
1726750781964, 3004716, 148368, 207699968, 125530112, 122228592, 5534327
1726750782969, 3005717, 148371, 207699968, 125530112, 122235096, 5534338
1726750783974, 3006957, 148376, 207699968, 125530112, 122241600, 5534349
1726750784979, 3008220, 148438, 207699968, 125530112, 122248104, 5534360
1726750785981, 3008300, 149399, 207699968, 125530112, 122254608, 5534371
1726750786987, 3008697, 149448, 207699968, 125530112, 122261112, 5534382
1726750787992, 3009845, 149454, 207699968, 125530112, 122267616, 5534393
1726750788992, 3010722, 149497, 207699968, 125530112, 122274120, 5534404
1726750789997, 3010815, 150540, 207699968, 125530112, 122280624, 5534415
1726750791002, 3010888, 151530, 207699968, 125530112, 122287128, 5534426
1726750792007, 3011820, 151577, 207699968, 125530112, 122293632, 5534437
1726750793012, 3012600, 151616, 207699968, 125530112, 122300136, 5534448
1726750794017, 3014030, 151636, 207699968, 125530112, 122306640, 5534459
1726750795022, 3016185, 151692, 206741504, 125530112, 121395704, 5532930
1726750796027, 3016245, 152537, 206741504, 125530112, 121402240, 5532941
1726750797032, 3017380, 152735, 206741504, 125530112, 121408720, 5532952
1726750798038, 3018356, 152735, 206741504, 125530112, 121415200, 5532963
1726750799043, 3019347, 152735, 206741504, 125530112, 121421656, 5532974
1726750800049, 3020486, 152739, 206741504, 125530112, 121428112, 5532985
1726750801053, 3021812, 152753, 206741504, 125530112, 121434592, 5532996
1726750802058, 3022753, 152756, 206741504, 125530112, 121441072, 5533007
1726750803063, 3023790, 152800, 206741504, 125530112, 121447552, 5533018
1726750804068, 3024728, 152803, 206741504, 125530112, 121454032, 5533029
1726750805070, 3026119, 152813, 206741504, 125530112, 121460512, 5533040
1726750806074, 3027023, 152858, 206741504, 125530112, 121466992, 5533051
1726750807080, 3027502, 152883, 206741504, 125530112, 121473472, 5533062
1726750808085, 3027548, 153621, 206872576, 125530112, 121479952, 5533073
1726750809090, 3028098, 153900, 206872576, 125530112, 121486464, 5533084
1726750810095, 3032521, 153913, 206872576, 125530112, 121493136, 5533095
1726750811101, 3033770, 153924, 206872576, 125530112, 121498904, 5533106
1726750812106, 3035011, 153934, 206872576, 125530112, 121504672, 5533117
1726750813111, 3036390, 153951, 206872576, 125530112, 121510440, 5533128
1726750814116, 3037479, 154007, 206872576, 125530112, 121516208, 5533139
1726750815121, 3038606, 154064, 206872576, 125530112, 121521976, 5533150
1726750816126, 3041469, 154072, 206872576, 125530112, 121527856, 5533161
1726750817131, 3041802, 155055, 206872576, 125530112, 121533624, 5533172
1726750818136, 3043295, 155079, 206872576, 125530112, 121539392, 5533183
1726750819141, 3043630, 156137, 206872576, 125530112, 121545160, 5533194
1726750820146, 3043697, 156871, 206872576, 125530112, 121550928, 5533205
1726750821151, 3044401, 157217, 206872576, 125530112, 121556696, 5533216
1726750822156, 3045291, 157220, 206872576, 125530112, 121562464, 5533227
1726750823161, 3046251, 157259, 206872576, 125530112, 121568232, 5533238
1726750824166, 3046829, 157289, 206872576, 125530112, 121574000, 5533249
1726750825171, 3047742, 157293, 206872576, 125530112, 121579768, 5533260
1726750826176, 3049010, 157348, 206872576, 125530112, 121585536, 5533271
1726750827181, 3049133, 158385, 206872576, 125530112, 121591304, 5533282
1726750828185, 3050442, 158410, 206872576, 125530112, 121597072, 5533293
1726750829191, 3051355, 158411, 206872576, 125530112, 121602840, 5533304
1726750830196, 3052277, 158451, 206872576, 125530112, 121608608, 5533315
1726750831200, 3053252, 158456, 206872576, 125530112, 121614376, 5533326
1726750832206, 3054042, 158489, 206872576, 125530112, 121620144, 5533337
1726750833211, 3055253, 158497, 206872576, 125530112, 121625912, 5533348
1726750834216, 3055808, 158526, 206872576, 125530112, 121631680, 5533359
1726750835221, 3056405, 158557, 206872576, 125530112, 121637448, 5533370
1726750836226, 3057456, 158562, 206872576, 125530112, 121643224, 5533381
1726750837231, 3058622, 158618, 206872576, 125530112, 121648992, 5533392
1726750838236, 3059047, 159684, 206872576, 125530112, 121654760, 5533403
1726750839240, 3059878, 159687, 206872576, 125530112, 121660528, 5533414
1726750840246, 3060419, 159701, 206872576, 125530112, 121666296, 5533425
1726750841251, 3061406, 159752, 206872576, 125530112, 121672064, 5533436
1726750842255, 3062286, 159798, 206872576, 125530112, 121677832, 5533447
1726750843261, 3062923, 159831, 206872576, 125530112, 121683600, 5533458
1726750844266, 3064216, 159843, 206872576, 125530112, 121689368, 5533469
1726750845271, 3065073, 159843, 206872576, 125530112, 121695136, 5533480
1726750846276, 3066258, 159843, 206872576, 125530112, 121700880, 5533491
1726750847281, 3068773, 160854, 206872576, 125530112, 121706848, 5533502
1726750848286, 3069759, 160906, 206872576, 125530112, 121712616, 5533513
1726750849287, 3070004, 161853, 206872576, 125530112, 121718384, 5533524
1726750850292, 3070960, 161857, 206872576, 125530112, 121724152, 5533535
1726750851297, 3071887, 161857, 206872576, 125530112, 121729920, 5533546
1726750852302, 3072803, 161857, 206872576, 125530112, 121735664, 5533557
1726750853307, 3073912, 161894, 206872576, 125530112, 121741408, 5533568
1726750854312, 3075076, 161900, 206872576, 125530112, 121747176, 5533579
1726750855316, 3075927, 161900, 206872576, 125530112, 121752944, 5533590
1726750856321, 3076349, 162847, 206872576, 125530112, 121758688, 5533601
1726750857325, 3077714, 162858, 206872576, 125530112, 121764456, 5533612
1726750858331, 3078251, 162858, 206872576, 125530112, 121770224, 5533623
1726750859337, 3079690, 162858, 206872576, 125530112, 121775968, 5533634
1726750860341, 3081055, 162858, 206872576, 125530112, 121781712, 5533645
1726750861346, 3081900, 162858, 206872576, 125530112, 121787456, 5533656
1726750862350, 3083004, 162867, 206872576, 125530112, 121793200, 5533667
1726750863356, 3083990, 162870, 206872576, 125530112, 121798968, 5533678
1726750864361, 3084066, 163827, 206872576, 125530112, 121804736, 5533689
1726750865366, 3084929, 163958, 206872576, 125530112, 121810504, 5533700
1726750866371, 3086294, 163975, 206872576, 125530112, 121816272, 5533711
1726750867376, 3087162, 163979, 207003648, 125530112, 121822040, 5533722
1726750868381, 3088283, 164025, 207003648, 125530112, 121827840, 5533733
1726750869383, 3089484, 164035, 207003648, 125530112, 121833608, 5533744
1726750870388, 3092710, 165083, 207003648, 125530112, 121839664, 5533755
1726750871393, 3093773, 165087, 207003648, 125530112, 121845432, 5533766
1726750872397, 3094380, 165087, 207003648, 125530112, 121851200, 5533777
1726750873402, 3094794, 165087, 207003648, 125530112, 121856944, 5533788
1726750874408, 3095299, 165110, 207003648, 125530112, 121862688, 5533799
1726750875412, 3096515, 165119, 207003648, 125530112, 121868456, 5533810
1726750876417, 3096939, 165142, 207003648, 125530112, 121874224, 5533821
1726750877423, 3097502, 165172, 207003648, 125530112, 121879992, 5533832
1726750878428, 3098064, 165202, 207003648, 125530112, 121885760, 5533843
1726750879433, 3098554, 165228, 207003648, 125530112, 121891528, 5533854
1726750880438, 3099703, 165233, 207003648, 125530112, 121897312, 5533865
1726750881442, 3101242, 165260, 207003648, 125530112, 121903080, 5533876
1726750882447, 3102372, 165320, 207003648, 125530112, 121908848, 5533887
1726750883453, 3102785, 165342, 207003648, 125530112, 121914616, 5533898
1726750884457, 3103515, 165345, 207003648, 125530112, 121920384, 5533909
1726750885464, 3104684, 165387, 207003648, 125530112, 121926152, 5533920
1726750886467, 3104684, 167111, 207003648, 125530112, 121931920, 5533931
1726750887472, 3104806, 167431, 207003648, 125530112, 121937664, 5533942
1726750888478, 3105208, 167453, 207003648, 125530112, 121943432, 5533953
1726750889483, 3106097, 167456, 207003648, 125530112, 121949200, 5533964
1726750890488, 3106941, 167490, 207003648, 125530112, 121954968, 5533975
1726750891493, 3107482, 167519, 207003648, 125530112, 121960736, 5533986
1726750892498, 3108232, 167559, 207003648, 125530112, 121966504, 5533997
1726750893502, 3108518, 168394, 207134720, 125530112, 121972272, 5534008
1726750894508, 3108906, 168643, 207134720, 125530112, 121978072, 5534019
1726750895513, 3110160, 168659, 207134720, 125530112, 121983840, 5534030
1726750896518, 3110967, 168659, 207134720, 125530112, 121989608, 5534041
1726750897523, 3111818, 168659, 207134720, 125530112, 121995352, 5534052
1726750898527, 3112670, 168677, 207265792, 125530112, 122001096, 5534063
1726750899533, 3113069, 168698, 207265792, 125530112, 122006896, 5534074
1726750900537, 3113514, 168722, 207265792, 125530112, 122012664, 5534085
1726750901543, 3113916, 168744, 207265792, 125530112, 122018432, 5534096
1726750902547, 3114473, 168774, 207265792, 125530112, 122024200, 5534107
1726750903553, 3115103, 168809, 207265792, 125530112, 122029968, 5534118
1726750904557, 3116617, 168812, 207265792, 125530112, 122035736, 5534129
1726750905562, 3117042, 168812, 207265792, 125530112, 122041504, 5534140
1726750906568, 3117518, 168826, 207265792, 125530112, 122047248, 5534151
1726750907572, 3118891, 168843, 207265792, 125530112, 122053016, 5534162
1726750908578, 3119260, 168863, 207265792, 125530112, 122058784, 5534173
1726750909582, 3119997, 168866, 207265792, 125530112, 122064552, 5534184
1726750910587, 3120909, 168866, 207265792, 125530112, 122070320, 5534195
1726750911593, 3121462, 168869, 207265792, 125530112, 122076064, 5534206
1726750912598, 3122360, 168918, 207265792, 125530112, 122081832, 5534217
1726750913603, 3123137, 168960, 207265792, 125530112, 122087600, 5534228
1726750914608, 3124016, 168963, 207265792, 125530112, 122093368, 5534239
1726750915613, 3124741, 168990, 207265792, 125530112, 122099136, 5534250
1726750916618, 3125430, 169027, 207265792, 125530112, 122104904, 5534261
1726750917623, 3126250, 169071, 207265792, 125530112, 122110672, 5534272
1726750918627, 3127531, 169084, 207265792, 125530112, 122116440, 5534283
1726750919632, 3127950, 169106, 207265792, 125530112, 122122208, 5534294
1726750920638, 3128488, 169135, 207396864, 125530112, 122127976, 5534305
1726750921642, 3129048, 169166, 207396864, 125530112, 122133776, 5534316
1726750922648, 3129644, 169198, 207396864, 125530112, 122139544, 5534327
1726750923652, 3130154, 169225, 207396864, 125530112, 122145312, 5534338
1726750924657, 3131246, 169229, 207396864, 125530112, 122151080, 5534349
1726750925662, 3131673, 169251, 207396864, 125530112, 122156936, 5534360
1726750926668, 3134690, 169254, 207396864, 125530112, 122163096, 5534371
1726750927672, 3134796, 170249, 207396864, 125530112, 122168864, 5534382
1726750928678, 3135300, 170328, 207396864, 125530112, 122174632, 5534393
1726750929683, 3136370, 170332, 207396864, 125530112, 122180400, 5534404
